[2020-11-26 10:45:16] app.INFO: Protect vendor folder in module contactform [] []
[2020-11-26 10:45:16] app.INFO: Module contactform has no vendor folder [] []
[2020-11-26 10:45:20] app.INFO: Protect vendor folder in module dashactivity [] []
[2020-11-26 10:45:20] app.INFO: Module dashactivity has no vendor folder [] []
[2020-11-26 10:45:22] app.INFO: Protect vendor folder in module dashtrends [] []
[2020-11-26 10:45:22] app.INFO: Module dashtrends has no vendor folder [] []
[2020-11-26 10:45:29] app.INFO: Protect vendor folder in module dashgoals [] []
[2020-11-26 10:45:29] app.INFO: Module dashgoals has no vendor folder [] []
[2020-11-26 10:45:31] app.INFO: Protect vendor folder in module dashproducts [] []
[2020-11-26 10:45:31] app.INFO: Module dashproducts has no vendor folder [] []
[2020-11-26 10:45:32] app.INFO: Protect vendor folder in module graphnvd3 [] []
[2020-11-26 10:45:33] app.INFO: Module graphnvd3 has no vendor folder [] []
[2020-11-26 10:45:34] app.INFO: Protect vendor folder in module gridhtml [] []
[2020-11-26 10:45:34] app.INFO: Module gridhtml has no vendor folder [] []
[2020-11-26 10:45:38] app.INFO: Protect vendor folder in module gsitemap [] []
[2020-11-26 10:45:38] app.INFO: Module gsitemap has no vendor folder [] []
[2020-11-26 10:45:40] app.INFO: Protect vendor folder in module ps_banner [] []
[2020-11-26 10:45:41] app.INFO: Module ps_banner has no vendor folder [] []
[2020-11-26 10:45:42] app.INFO: Protect vendor folder in module ps_categorytree [] []
[2020-11-26 10:45:42] app.INFO: Module ps_categorytree has no vendor folder [] []
[2020-11-26 10:45:45] app.INFO: Protect vendor folder in module ps_checkpayment [] []
[2020-11-26 10:45:45] app.INFO: Module ps_checkpayment has no vendor folder [] []
[2020-11-26 10:45:48] app.INFO: Protect vendor folder in module ps_contactinfo [] []
[2020-11-26 10:45:48] app.INFO: Module ps_contactinfo has no vendor folder [] []
[2020-11-26 10:45:51] app.INFO: Protect vendor folder in module ps_currencyselector [] []
[2020-11-26 10:45:51] app.INFO: Module ps_currencyselector has no vendor folder [] []
[2020-11-26 10:45:53] app.INFO: Protect vendor folder in module ps_customeraccountlinks [] []
[2020-11-26 10:45:53] app.INFO: Module ps_customeraccountlinks has no vendor folder [] []
[2020-11-26 10:45:54] app.INFO: Protect vendor folder in module ps_customersignin [] []
[2020-11-26 10:45:54] app.INFO: Module ps_customersignin has no vendor folder [] []
[2020-11-26 10:45:58] app.INFO: Protect vendor folder in module ps_customtext [] []
[2020-11-26 10:45:58] app.INFO: Module ps_customtext has no vendor folder [] []
[2020-11-26 10:46:05] app.INFO: Protect vendor folder in module ps_emailsubscription [] []
[2020-11-26 10:46:05] app.INFO: Module ps_emailsubscription has no vendor folder [] []
[2020-11-26 10:46:23] app.INFO: Protect vendor folder in module ps_facetedsearch [] []
[2020-11-26 10:46:23] app.INFO: Module ps_facetedsearch has no vendor folder [] []
[2020-11-26 10:46:28] app.INFO: Protect vendor folder in module ps_faviconnotificationbo [] []
[2020-11-26 10:46:28] app.INFO: Module ps_faviconnotificationbo has no vendor folder [] []
[2020-11-26 10:46:30] app.INFO: Protect vendor folder in module ps_featuredproducts [] []
[2020-11-26 10:46:30] app.INFO: Module ps_featuredproducts has no vendor folder [] []
[2020-11-26 10:46:35] app.INFO: Protect vendor folder in module ps_imageslider [] []
[2020-11-26 10:46:35] app.INFO: Module ps_imageslider has no vendor folder [] []
[2020-11-26 10:46:37] app.INFO: Protect vendor folder in module ps_languageselector [] []
[2020-11-26 10:46:37] app.INFO: Module ps_languageselector has no vendor folder [] []
[2020-11-26 10:46:42] app.INFO: Protect vendor folder in module ps_linklist [] []
[2020-11-26 10:46:42] app.INFO: Module ps_linklist has no vendor folder [] []
[2020-11-26 10:46:42] app.ERROR: Class "AdminLinkWidgetController" not found in controllers/admin [] []
[2020-11-26 10:46:49] app.INFO: Protect vendor folder in module ps_mainmenu [] []
[2020-11-26 10:46:49] app.INFO: Module ps_mainmenu has no vendor folder [] []
[2020-11-26 10:46:51] app.INFO: Protect vendor folder in module ps_searchbar [] []
[2020-11-26 10:46:51] app.INFO: Module ps_searchbar has no vendor folder [] []
[2020-11-26 10:46:53] app.INFO: Protect vendor folder in module ps_sharebuttons [] []
[2020-11-26 10:46:53] app.INFO: Module ps_sharebuttons has no vendor folder [] []
[2020-11-26 10:46:55] app.INFO: Protect vendor folder in module ps_shoppingcart [] []
[2020-11-26 10:46:55] app.INFO: Module ps_shoppingcart has no vendor folder [] []
[2020-11-26 10:46:57] app.INFO: Protect vendor folder in module ps_socialfollow [] []
[2020-11-26 10:46:57] app.INFO: Module ps_socialfollow has no vendor folder [] []
[2020-11-26 10:47:02] app.INFO: Protect vendor folder in module ps_themecusto [] []
[2020-11-26 10:47:02] app.INFO: Module ps_themecusto has no vendor folder [] []
[2020-11-26 10:47:07] app.INFO: Protect vendor folder in module ps_wirepayment [] []
[2020-11-26 10:47:07] app.INFO: Module ps_wirepayment has no vendor folder [] []
[2020-11-26 10:47:10] app.INFO: Protect vendor folder in module pagesnotfound [] []
[2020-11-26 10:47:10] app.INFO: Module pagesnotfound has no vendor folder [] []
[2020-11-26 10:47:12] app.INFO: Protect vendor folder in module sekeywords [] []
[2020-11-26 10:47:12] app.INFO: Module sekeywords has no vendor folder [] []
[2020-11-26 10:47:13] app.INFO: Protect vendor folder in module statsbestcategories [] []
[2020-11-26 10:47:13] app.INFO: Module statsbestcategories has no vendor folder [] []
[2020-11-26 10:47:16] app.INFO: Protect vendor folder in module statsbestcustomers [] []
[2020-11-26 10:47:16] app.INFO: Module statsbestcustomers has no vendor folder [] []
[2020-11-26 10:47:17] app.INFO: Protect vendor folder in module statsbestproducts [] []
[2020-11-26 10:47:18] app.INFO: Module statsbestproducts has no vendor folder [] []
[2020-11-26 10:47:19] app.INFO: Protect vendor folder in module statsbestsuppliers [] []
[2020-11-26 10:47:19] app.INFO: Module statsbestsuppliers has no vendor folder [] []
[2020-11-26 10:47:21] app.INFO: Protect vendor folder in module statsbestvouchers [] []
[2020-11-26 10:47:21] app.INFO: Module statsbestvouchers has no vendor folder [] []
[2020-11-26 10:47:22] app.INFO: Protect vendor folder in module statscarrier [] []
[2020-11-26 10:47:22] app.INFO: Module statscarrier has no vendor folder [] []
[2020-11-26 10:47:24] app.INFO: Protect vendor folder in module statscatalog [] []
[2020-11-26 10:47:24] app.INFO: Module statscatalog has no vendor folder [] []
[2020-11-26 10:47:26] app.INFO: Protect vendor folder in module statscheckup [] []
[2020-11-26 10:47:26] app.INFO: Module statscheckup has no vendor folder [] []
[2020-11-26 10:47:27] app.INFO: Protect vendor folder in module statsdata [] []
[2020-11-26 10:47:28] app.INFO: Module statsdata has no vendor folder [] []
[2020-11-26 10:47:29] app.INFO: Protect vendor folder in module statsequipment [] []
[2020-11-26 10:47:29] app.INFO: Module statsequipment has no vendor folder [] []
[2020-11-26 10:47:30] app.INFO: Protect vendor folder in module statsforecast [] []
[2020-11-26 10:47:30] app.INFO: Module statsforecast has no vendor folder [] []
[2020-11-26 10:47:32] app.INFO: Protect vendor folder in module statslive [] []
[2020-11-26 10:47:32] app.INFO: Module statslive has no vendor folder [] []
[2020-11-26 10:47:34] app.INFO: Protect vendor folder in module statsnewsletter [] []
[2020-11-26 10:47:34] app.INFO: Module statsnewsletter has no vendor folder [] []
[2020-11-26 10:47:35] app.INFO: Protect vendor folder in module statsorigin [] []
[2020-11-26 10:47:35] app.INFO: Module statsorigin has no vendor folder [] []
[2020-11-26 10:47:37] app.INFO: Protect vendor folder in module statspersonalinfos [] []
[2020-11-26 10:47:38] app.INFO: Module statspersonalinfos has no vendor folder [] []
[2020-11-26 10:47:39] app.INFO: Protect vendor folder in module statsproduct [] []
[2020-11-26 10:47:39] app.INFO: Module statsproduct has no vendor folder [] []
[2020-11-26 10:47:40] app.INFO: Protect vendor folder in module statsregistrations [] []
[2020-11-26 10:47:41] app.INFO: Module statsregistrations has no vendor folder [] []
[2020-11-26 10:47:42] app.INFO: Protect vendor folder in module statssales [] []
[2020-11-26 10:47:42] app.INFO: Module statssales has no vendor folder [] []
[2020-11-26 10:47:45] app.INFO: Protect vendor folder in module statssearch [] []
[2020-11-26 10:47:45] app.INFO: Module statssearch has no vendor folder [] []
[2020-11-26 10:47:46] app.INFO: Protect vendor folder in module statsstock [] []
[2020-11-26 10:47:47] app.INFO: Module statsstock has no vendor folder [] []
[2020-11-26 10:47:48] app.INFO: Protect vendor folder in module statsvisits [] []
[2020-11-26 10:47:48] app.INFO: Module statsvisits has no vendor folder [] []
[2020-11-26 10:47:52] app.INFO: Protect vendor folder in module welcome [] []
[2020-11-26 10:48:21] app.INFO: Exporting mail with theme modern for language Français (French) [] []
[2020-11-26 10:48:21] app.INFO: Core output folder: C:\xampp\htdocs\digital1769/mails [] []
[2020-11-26 10:48:21] app.INFO: Modules output folder: C:\xampp\htdocs\digital1769/modules/ [] []
[2021-02-15 17:20:16] request.INFO: Matched route "admin_common_notifications". {"route":"admin_common_notifications","route_parameters":{"_controller":"PrestaShopBundle\\Controller\\Admin\\CommonController::notificationsAction","_legacy_controller":"AdminCommon","_legacy_link":"AdminCommon","_route":"admin_common_notifications"},"request_uri":"http://localhost/digital1769/admin586dnzehn/index.php/common/notifications?_token=MTfZr_93GKZRj4rPZ0LchCd2ajk_l9rbw9W4bum6Jgw&rand=1613406014445","method":"POST"} []
[2021-02-15 17:22:09] security.INFO: Populated the TokenStorage with an anonymous Token. [] []
[2021-02-15 17:22:15] request.CRITICAL: Uncaught PHP Exception Symfony\Component\Debug\Exception\FatalErrorException: "Error: Maximum execution time of 120 seconds exceeded" at C:\xampp\htdocs\digital1769\vendor\symfony\symfony\src\Symfony\Bridge\Twig\Extension\HttpFoundationExtension.php line 145 {"exception":"[object] (Symfony\\Component\\Debug\\Exception\\FatalErrorException(code: 0): Error: Maximum execution time of 120 seconds exceeded at C:\\xampp\\htdocs\\digital1769\\vendor\\symfony\\symfony\\src\\Symfony\\Bridge\\Twig\\Extension\\HttpFoundationExtension.php:145)"} []
[2021-02-15 17:22:20] security.DEBUG: Stored the security token in the session. {"key":"_security_main"} []
[2021-02-15 17:22:20] request.CRITICAL: Uncaught PHP Exception Symfony\Component\Debug\Exception\FatalErrorException: "Error: Maximum execution time of 120 seconds exceeded" at C:\xampp\htdocs\digital1769\vendor\symfony\symfony\src\Symfony\Component\HttpFoundation\Session\Storage\Handler\StrictSessionHandler.php line 48 {"exception":"[object] (Symfony\\Component\\Debug\\Exception\\FatalErrorException(code: 0): Error: Maximum execution time of 120 seconds exceeded at C:\\xampp\\htdocs\\digital1769\\vendor\\symfony\\symfony\\src\\Symfony\\Component\\HttpFoundation\\Session\\Storage\\Handler\\StrictSessionHandler.php:48)"} []
[2021-06-12 02:45:12] request.INFO: Matched route "admin_module_configure_action". {"route":"admin_module_configure_action","route_parameters":{"_controller":"PrestaShopBundle\\Controller\\Admin\\Improve\\ModuleController::configureModuleAction","_legacy_controller":"AdminModules","module_name":"ns_monmodule","_route":"admin_module_configure_action"},"request_uri":"http://localhost/digital1769/admin586dnzehn/index.php/improve/modules/manage/action/configure/ns_monmodule?_token=cmjwE0Of50PHmnTmrXs_MpkB76tvmGPB3e3wxFQCc3Y","method":"GET"} []
[2021-06-12 02:45:14] security.DEBUG: Read existing security token from the session. {"key":"_security_main","token_class":"Symfony\\Component\\Security\\Core\\Authentication\\Token\\UsernamePasswordToken"} []
[2021-06-12 02:45:14] security.DEBUG: User was reloaded from a user provider. {"provider":"PrestaShopBundle\\Security\\Admin\\EmployeeProvider","username":"brahmii.kathemm@gmail.com"} []
[2021-06-12 02:45:20] app.ERROR: Data from PrestaShop Addons is invalid, and cannot fallback on cache.  {"exception":"cURL error 28: Operation timed out after 5000 milliseconds with 0 out of 0 bytes received"} []
[2021-06-12 02:45:22] security.DEBUG: Stored the security token in the session. {"key":"_security_main"} []
[2021-06-12 11:54:02] request.CRITICAL: Uncaught PHP Exception Symfony\Component\Debug\Exception\OutOfMemoryException: "Error: Out of memory (allocated 23068672) (tried to allocate 65536 bytes)" at C:\xampp\htdocs\digital1769\src\Core\Localization\CLDR\LocaleData.php line 36 {"exception":"[object] (Symfony\\Component\\Debug\\Exception\\OutOfMemoryException(code: 0): Error: Out of memory (allocated 23068672) (tried to allocate 65536 bytes) at C:\\xampp\\htdocs\\digital1769\\src\\Core\\Localization\\CLDR\\LocaleData.php:36)"} []
[2021-06-12 12:38:13] request.CRITICAL: Uncaught PHP Exception SmartyException: "unable to write file C:\xampp\htdocs\digital1769\var\cache\prod\smarty\compile\ad\a2\6c\ada26c42af0cf9092a2b26c06fcfba9146173f86_0.file.welcome.tpl.php" at C:\xampp\htdocs\digital1769\vendor\smarty\smarty\libs\sysplugins\smarty_internal_runtime_writefile.php line 90 {"exception":"[object] (SmartyException(code: 0): unable to write file C:\\xampp\\htdocs\\digital1769\\var\\cache\\prod\\smarty\\compile\\ad\\a2\\6c\\ada26c42af0cf9092a2b26c06fcfba9146173f86_0.file.welcome.tpl.php at C:\\xampp\\htdocs\\digital1769\\vendor\\smarty\\smarty\\libs\\sysplugins\\smarty_internal_runtime_writefile.php:90)"} []
[2021-06-12 12:41:50] request.INFO: Matched route "_admin_international_translations_modify". {"route":"_admin_international_translations_modify","route_parameters":{"_controller":"PrestaShopBundle\\Controller\\Admin\\TranslationsController::modifyTranslationsAction","_legacy_controller":"AdminTranslations","_route":"_admin_international_translations_modify"},"request_uri":"http://localhost/digital1769/admin586dnzehn/index.php/improve/international/translations/modify","method":"GET"} []
[2021-06-12 12:41:50] security.DEBUG: Read existing security token from the session. {"key":"_security_main","token_class":"Symfony\\Component\\Security\\Core\\Authentication\\Token\\UsernamePasswordToken"} []
[2021-06-12 12:41:50] security.DEBUG: User was reloaded from a user provider. {"provider":"PrestaShopBundle\\Security\\Admin\\EmployeeProvider","username":"brahmii.kathemm@gmail.com"} []
[2021-06-12 12:41:51] request.CRITICAL: Uncaught PHP Exception Symfony\Component\PropertyAccess\Exception\UnexpectedTypeException: "PropertyAccessor requires a graph of objects or arrays to operate on, but it found type "NULL" while trying to traverse path "[translation_type]" at property "translation_type"." at C:\xampp\htdocs\digital1769\vendor\symfony\symfony\src\Symfony\Component\PropertyAccess\PropertyAccessor.php line 352 {"exception":"[object] (Symfony\\Component\\PropertyAccess\\Exception\\UnexpectedTypeException(code: 0): PropertyAccessor requires a graph of objects or arrays to operate on, but it found type \"NULL\" while trying to traverse path \"[translation_type]\" at property \"translation_type\". at C:\\xampp\\htdocs\\digital1769\\vendor\\symfony\\symfony\\src\\Symfony\\Component\\PropertyAccess\\PropertyAccessor.php:352)"} []
[2021-06-12 12:41:51] security.DEBUG: Stored the security token in the session. {"key":"_security_main"} []
[2021-06-12 12:41:58] request.INFO: Matched route "_admin_international_translations_modify". {"route":"_admin_international_translations_modify","route_parameters":{"_controller":"PrestaShopBundle\\Controller\\Admin\\TranslationsController::modifyTranslationsAction","_legacy_controller":"AdminTranslations","_route":"_admin_international_translations_modify"},"request_uri":"http://localhost/digital1769/admin586dnzehn/index.php/improve/international/translations/modify","method":"GET"} []
[2021-06-12 12:42:00] security.DEBUG: Read existing security token from the session. {"key":"_security_main","token_class":"Symfony\\Component\\Security\\Core\\Authentication\\Token\\UsernamePasswordToken"} []
[2021-06-12 12:42:00] security.DEBUG: User was reloaded from a user provider. {"provider":"PrestaShopBundle\\Security\\Admin\\EmployeeProvider","username":"brahmii.kathemm@gmail.com"} []
[2021-06-12 12:42:00] request.CRITICAL: Uncaught PHP Exception Symfony\Component\PropertyAccess\Exception\UnexpectedTypeException: "PropertyAccessor requires a graph of objects or arrays to operate on, but it found type "NULL" while trying to traverse path "[translation_type]" at property "translation_type"." at C:\xampp\htdocs\digital1769\vendor\symfony\symfony\src\Symfony\Component\PropertyAccess\PropertyAccessor.php line 352 {"exception":"[object] (Symfony\\Component\\PropertyAccess\\Exception\\UnexpectedTypeException(code: 0): PropertyAccessor requires a graph of objects or arrays to operate on, but it found type \"NULL\" while trying to traverse path \"[translation_type]\" at property \"translation_type\". at C:\\xampp\\htdocs\\digital1769\\vendor\\symfony\\symfony\\src\\Symfony\\Component\\PropertyAccess\\PropertyAccessor.php:352)"} []
[2021-06-12 12:42:00] security.DEBUG: Stored the security token in the session. {"key":"_security_main"} []
[2021-06-13 02:20:44] request.INFO: Matched route "admin_module_configure_action". {"route":"admin_module_configure_action","route_parameters":{"_controller":"PrestaShopBundle\\Controller\\Admin\\Improve\\ModuleController::configureModuleAction","_legacy_controller":"AdminModules","module_name":"prestablog","_route":"admin_module_configure_action"},"request_uri":"http://localhost/digital1769/admin586dnzehn/index.php/improve/modules/manage/action/configure/prestablog?_token=cmjwE0Of50PHmnTmrXs_MpkB76tvmGPB3e3wxFQCc3Y","method":"GET"} []
[2021-06-13 02:20:44] security.DEBUG: Read existing security token from the session. {"key":"_security_main","token_class":"Symfony\\Component\\Security\\Core\\Authentication\\Token\\UsernamePasswordToken"} []
[2021-06-13 02:20:44] security.DEBUG: User was reloaded from a user provider. {"provider":"PrestaShopBundle\\Security\\Admin\\EmployeeProvider","username":"brahmii.kathemm@gmail.com"} []
[2021-06-13 02:20:51] app.ERROR: Data from PrestaShop Addons is invalid, and cannot fallback on cache.  {"exception":"cURL error 28: Operation timed out after 5355 milliseconds with 0 out of 0 bytes received"} []
[2021-06-13 02:20:55] security.DEBUG: Stored the security token in the session. {"key":"_security_main"} []
[2021-06-14 11:04:27] request.INFO: Matched route "admin_module_manage". {"route":"admin_module_manage","route_parameters":{"category":null,"keyword":null,"_controller":"PrestaShopBundle\\Controller\\Admin\\Improve\\ModuleController::manageAction","_legacy_controller":"AdminModulesManage","_legacy_link":["AdminModulesManage","AdminModulesSf"],"_route":"admin_module_manage"},"request_uri":"http://localhost/digital1769/admin586dnzehn/index.php/improve/modules/manage?_token=cmjwE0Of50PHmnTmrXs_MpkB76tvmGPB3e3wxFQCc3Y","method":"GET"} []
[2021-06-14 11:04:28] security.DEBUG: Read existing security token from the session. {"key":"_security_main","token_class":"Symfony\\Component\\Security\\Core\\Authentication\\Token\\UsernamePasswordToken"} []
[2021-06-14 11:04:28] security.DEBUG: User was reloaded from a user provider. {"provider":"PrestaShopBundle\\Security\\Admin\\EmployeeProvider","username":"brahmii.kathemm@gmail.com"} []
[2021-06-14 11:04:49] app.ERROR: Data from PrestaShop Addons is invalid, and cannot fallback on cache.  {"exception":"cURL error 28: Resolving timed out after 5000 milliseconds"} []
[2021-06-14 11:05:17] security.DEBUG: Stored the security token in the session. {"key":"_security_main"} []
[2021-06-17 21:22:16] request.CRITICAL: Uncaught PHP Exception Symfony\Component\Debug\Exception\FatalErrorException: "Error: Maximum execution time of 120 seconds exceeded" at C:\xampp\htdocs\digital1769\classes\Tools.php line 2153 {"exception":"[object] (Symfony\\Component\\Debug\\Exception\\FatalErrorException(code: 0): Error: Maximum execution time of 120 seconds exceeded at C:\\xampp\\htdocs\\digital1769\\classes\\Tools.php:2153)"} []
